15:38:25.311 [main                     ] DEBUG Logger               - Configured Logger
15:38:25.333 [main                     ] DEBUG GameApplication      - Logging settings
Title: Untitled
Version: 0.0
Width: 800
Height: 600
Fullscreen: false
Intro: false
Profiling: false
Single step:false
App Mode: DEVELOPER
Menu Key: ESCAPE
Stage Style: DECORATED
Scene Factory: class com.almasb.fxgl.app.scene.SceneFactory

15:38:26.160 [JavaFX Application Thread] DEBUG FXGLApplication      - Initializing FXGL
15:38:26.162 [JavaFX Application Thread] INFO  Engine               - FXGL-11.12 (11.12.2020 08.51) on WINDOWS (J:11.0.9.1 FX:15)
15:38:26.162 [JavaFX Application Thread] DEBUG Engine               - JRE Vendor Name: JetBrains s.r.o.
15:38:26.162 [JavaFX Application Thread] DEBUG Engine               - Running on OS: Windows 10 version 10.0
15:38:26.162 [JavaFX Application Thread] DEBUG Engine               - Architecture: amd64
15:38:26.163 [JavaFX Application Thread] INFO  Engine               - Source code and latest versions at: https://github.com/AlmasB/FXGL
15:38:26.163 [JavaFX Application Thread] INFO  Engine               -              Join the FXGL chat at: https://gitter.im/AlmasB/FXGL
15:38:26.349 [JavaFX Application Thread] DEBUG MainWindow           - Creating a JavaFX scene
15:38:26.453 [JavaFX Application Thread] DEBUG MainWindow           - Target settings size: 800.0 x 600.0
15:38:26.453 [JavaFX Application Thread] DEBUG MainWindow           - Scaled scene size:    800.0 x 600.0
15:38:26.454 [JavaFX Application Thread] DEBUG MainWindow           - Scaled ratio: (1.0, 1.0)
15:38:26.456 [JavaFX Application Thread] DEBUG MainWindow           - Set initial scene to StartupScene
15:38:26.466 [JavaFX Application Thread] DEBUG MainWindow           - Opening main window
15:38:26.611 [JavaFX Application Thread] DEBUG MainWindow           - Window border size: (14.66668701171875, 37.33331298828125)
15:38:26.611 [JavaFX Application Thread] DEBUG MainWindow           - Scaled size: 800.0 x 600.0
15:38:26.611 [JavaFX Application Thread] DEBUG MainWindow           - Scaled ratio: (1.0, 1.0)
15:38:26.612 [JavaFX Application Thread] DEBUG MainWindow           - Scene size: 800.0 x 600.0
15:38:26.612 [JavaFX Application Thread] DEBUG MainWindow           - Stage size: 814.6666870117188 x 637.3333129882812
15:38:26.628 [FXGL Background Thread 1 ] DEBUG Engine               - Initializing environment variables
15:38:26.690 [FXGL Background Thread 1 ] DEBUG GameApplicationServi - Applying CSS: fxgl_dark.css
15:38:26.691 [FXGL Background Thread 1 ] DEBUG FXGLAssetLoaderServi - Loading from file system: /assets/ui/css/fxgl_dark.css
15:38:26.803 [FXGL Background Thread 1 ] DEBUG GameApplicationServi - Initializing application scenes
15:38:26.870 [FXGL Background Thread 1 ] DEBUG GameWorld            - Game world initialized
15:38:26.953 [FXGL Background Thread 1 ] DEBUG PhysicsWorld         - Physics world initialized: appHeight=600, physics.ppm=50.0
15:38:26.956 [FXGL Background Thread 1 ] DEBUG GameScene            - Game scene initialized: 800x600
15:38:26.996 [FXGL Background Thread 1 ] DEBUG FXGLAssetLoaderServi - Loading from file system: /assets/textures/particles/trace_horizontal.png
15:38:27.060 [FXGL Background Thread 1 ] DEBUG FXGL.DefaultMenu     - createMenuBodyGameMenu()
15:38:27.080 [FXGL Background Thread 1 ] DEBUG FXGL.DefaultMenu     - createOptionsMenu()
15:38:27.085 [FXGL Background Thread 1 ] DEBUG FXGLAssetLoaderServi - Loading from file system: /assets/textures/particles/smoke.png
15:38:27.136 [FXGL Background Thread 1 ] DEBUG GameApplicationServi - Application scenes initialized
15:38:27.153 [FXGL Background Thread 1 ] DEBUG SystemBundleService  - Loading default FXGL system data
15:38:27.154 [FXGL Background Thread 1 ] DEBUG UpdaterService       - Checking for updates
15:38:27.158 [FXGL Background Thread 4 ] DEBUG FXGLApplication      - Loading fonts
15:38:27.159 [FXGL Background Thread 4 ] DEBUG FXGLAssetLoaderServi - Loading from file system: /assets/ui/fonts/VarelaRound-Regular.ttf
15:38:27.159 [FXGL Background Thread 1 ] DEBUG FXGLApplication      - Loading default localization
15:38:27.159 [FXGL Background Thread 1 ] DEBUG FXGLAssetLoaderServi - Loading from file system: /assets/languages/english.lang
15:38:27.188 [FXGL Background Thread 1 ] INFO  FXGLApplication      - FXGL initialization took: 0.559 sec
15:38:27.189 [JavaFX Application Thread] DEBUG FXGLAssetLoaderServi - Loading from file system: /assets/textures/fxgl_icon.png
15:38:27.223 [JavaFX Application Thread] DEBUG FXGLAssetLoaderServi - Loading from file system: /assets/ui/cursors/fxgl_default.png
15:38:27.242 [JavaFX Application Thread] DEBUG Input                - Registered new binding: Screenshot - P
15:38:27.243 [JavaFX Application Thread] DEBUG Input                - Registered new binding: System info dump - CTRL+9
15:38:27.244 [JavaFX Application Thread] DEBUG Input                - Registered new binding: Restart - CTRL+R
15:38:27.245 [JavaFX Application Thread] DEBUG Input                - Registered new binding: Toggle Debug Camera - CTRL+C
15:38:27.248 [JavaFX Application Thread] DEBUG LoopRunner           - Starting loop
15:38:27.250 [JavaFX Application Thread] DEBUG GameApplicationServi - Starting new game
15:38:27.251 [JavaFX Application Thread] DEBUG Input                - Clearing active input actions
15:38:27.268 [JavaFX Application Thread] DEBUG GameApplicationServi - Removing overlay from StartupScene and adding to FXGLLoadingScene
15:38:27.268 [JavaFX Application Thread] DEBUG MainWindow           - StartupScene -> FXGLLoadingScene
15:38:27.269 [JavaFX Application Thread] DEBUG GameApplicationServi - Clearing previous game
15:38:27.269 [JavaFX Application Thread] DEBUG GameScene            - Clearing game scene
15:38:27.269 [JavaFX Application Thread] DEBUG GameWorld            - Clearing game world
15:38:27.269 [JavaFX Application Thread] DEBUG PhysicsWorld         - Clearing physics world
15:38:27.271 [FXGL Background Thread 1 ] DEBUG FXGLApplication      - Initializing game
15:38:27.273 [FXGL Background Thread 1 ] INFO  FXGLApplication      - Game initialization took: 0.002 sec
15:38:27.341 [JavaFX Application Thread] DEBUG Input                - Clearing active input actions
15:38:27.351 [JavaFX Application Thread] DEBUG GameApplicationServi - Removing overlay from FXGLLoadingScene and adding to GameScene
15:38:27.351 [JavaFX Application Thread] DEBUG MainWindow           - FXGLLoadingScene -> GameScene
15:38:27.608 [FXGL Background Thread 4 ] DEBUG FXGLAssetLoaderServi - Loading from file system: /assets/ui/fonts/Abel-Regular.ttf
15:38:27.612 [FXGL Background Thread 4 ] DEBUG FXGLAssetLoaderServi - Loading from file system: /assets/ui/fonts/lucida_console.ttf
15:38:27.618 [FXGL Background Thread 4 ] DEBUG FXGLAssetLoaderServi - Loading from file system: /assets/ui/fonts/Courier-Prime.ttf
15:38:27.625 [JavaFX Application Thread] DEBUG FXGLApplication      - Registering font factories with UI factory
15:38:27.849 [JavaFX Application Thread] DEBUG MainWindow           - Push state: FXGLDefaultMenu
15:38:27.855 [JavaFX Application Thread] DEBUG Input                - Clearing active input actions
15:38:27.864 [JavaFX Application Thread] DEBUG GameApplicationServi - Removing overlay from GameScene and adding to FXGLDefaultMenu
15:38:27.865 [JavaFX Application Thread] DEBUG MainWindow           - GameScene -> FXGLDefaultMenu
15:38:28.138 [FXGL Background Thread 2 ] INFO  UpdaterService       - Your current version:  11.12
15:38:28.138 [FXGL Background Thread 2 ] INFO  UpdaterService       - Latest stable version: 11.14
15:38:30.159 [FXGL Background Thread 3 ] DEBUG Engine               - Logging environment variables
15:38:30.160 [FXGL Background Thread 3 ] DEBUG Engine               - achievements: []
15:38:30.161 [FXGL Background Thread 3 ] DEBUG Engine               - actualHeight: 600.0
15:38:30.161 [FXGL Background Thread 3 ] DEBUG Engine               - actualHeightProperty: ReadOnlyDoubleProperty [value: 600.0]
15:38:30.162 [FXGL Background Thread 3 ] DEBUG Engine               - actualWidth: 800.0
15:38:30.162 [FXGL Background Thread 3 ] DEBUG Engine               - actualWidthProperty: ReadOnlyDoubleProperty [value: 800.0]
15:38:30.162 [FXGL Background Thread 3 ] DEBUG Engine               - appIcon: fxgl_icon.png
15:38:30.162 [FXGL Background Thread 3 ] DEBUG Engine               - applicationMode: DEVELOPER
15:38:30.162 [FXGL Background Thread 3 ] DEBUG Engine               - cSSList: [fxgl_dark.css]
15:38:30.162 [FXGL Background Thread 3 ] DEBUG Engine               - configClass: Optional.empty
15:38:30.162 [FXGL Background Thread 3 ] DEBUG Engine               - credits: []
15:38:30.163 [FXGL Background Thread 3 ] DEBUG Engine               - devBBoxColorProperty: ObjectProperty [value: 0xff0000ff]
15:38:30.163 [FXGL Background Thread 3 ] DEBUG Engine               - devEnableDebugCameraProperty: BooleanProperty [value: false]
15:38:30.163 [FXGL Background Thread 3 ] DEBUG Engine               - devSensorColorProperty: ObjectProperty [value: 0xffff00ff]
15:38:30.163 [FXGL Background Thread 3 ] DEBUG Engine               - devShowBBoxProperty: BooleanProperty [value: false]
15:38:30.164 [FXGL Background Thread 3 ] DEBUG Engine               - devShowPositionProperty: BooleanProperty [value: false]
15:38:30.164 [FXGL Background Thread 3 ] DEBUG Engine               - enabledMenuItems: []
15:38:30.164 [FXGL Background Thread 3 ] DEBUG Engine               - engineServices: [class com.almasb.fxgl.app.FXGLApplication$GameApplicationService, class com.almasb.fxgl.app.services.FXGLDialogService, class com.almasb.fxgl.app.services.IOTaskExecutorService, class com.almasb.fxgl.event.EventBusService, class com.almasb.fxgl.io.FileSystemService, class com.almasb.fxgl.localization.LocalizationService, class com.almasb.fxgl.app.services.FXGLAssetLoaderService, class com.almasb.fxgl.app.services.SystemBundleService, class com.almasb.fxgl.profile.SaveLoadService, class com.almasb.fxgl.ui.FXGLUIFactoryServiceProvider, class com.almasb.fxgl.ui.FXGLDialogFactoryServiceProvider, class com.almasb.fxgl.audio.AudioPlayer, class com.almasb.fxgl.notification.impl.NotificationServiceProvider, class com.almasb.fxgl.achievement.AchievementService, class com.almasb.fxgl.cutscene.CutsceneService, class com.almasb.fxgl.minigames.MiniGameService, class com.almasb.fxgl.net.NetService, class com.almasb.fxgl.app.services.UpdaterService, class com.almasb.fxgl.dev.DevService]
15:38:30.164 [FXGL Background Thread 3 ] DEBUG Engine               - fontGame: Abel-Regular.ttf
15:38:30.164 [FXGL Background Thread 3 ] DEBUG Engine               - fontMono: lucida_console.ttf
15:38:30.164 [FXGL Background Thread 3 ] DEBUG Engine               - fontText: Courier-Prime.ttf
15:38:30.164 [FXGL Background Thread 3 ] DEBUG Engine               - fontUI: VarelaRound-Regular.ttf
15:38:30.165 [FXGL Background Thread 3 ] DEBUG Engine               - fullScreen: BooleanProperty [value: false]
15:38:30.165 [FXGL Background Thread 3 ] DEBUG Engine               - gameDifficulty: MEDIUM
15:38:30.165 [FXGL Background Thread 3 ] DEBUG Engine               - gameDifficultyProperty: ObjectProperty [value: MEDIUM]
15:38:30.165 [FXGL Background Thread 3 ] DEBUG Engine               - globalMusicVolume: 0.5
15:38:30.165 [FXGL Background Thread 3 ] DEBUG Engine               - globalMusicVolumeProperty: DoubleProperty [value: 0.5]
15:38:30.165 [FXGL Background Thread 3 ] DEBUG Engine               - globalSoundVolume: 0.5
15:38:30.165 [FXGL Background Thread 3 ] DEBUG Engine               - globalSoundVolumeProperty: DoubleProperty [value: 0.5]
15:38:30.166 [FXGL Background Thread 3 ] DEBUG Engine               - height: 600
15:38:30.166 [FXGL Background Thread 3 ] DEBUG Engine               - isAndroid: false
15:38:30.166 [FXGL Background Thread 3 ] DEBUG Engine               - isBrowser: false
15:38:30.166 [FXGL Background Thread 3 ] DEBUG Engine               - isClickFeedbackEnabled: false
15:38:30.167 [FXGL Background Thread 3 ] DEBUG Engine               - isCloseConfirmation: false
15:38:30.167 [FXGL Background Thread 3 ] DEBUG Engine               - isDesktop: true
15:38:30.167 [FXGL Background Thread 3 ] DEBUG Engine               - isDeveloperMenuEnabled: false
15:38:30.167 [FXGL Background Thread 3 ] DEBUG Engine               - isEntityPreloadEnabled: true
15:38:30.167 [FXGL Background Thread 3 ] DEBUG Engine               - isExperimental3D: false
15:38:30.167 [FXGL Background Thread 3 ] DEBUG Engine               - isExperimentalNative: false
15:38:30.168 [FXGL Background Thread 3 ] DEBUG Engine               - isExperimentalTiledLargeMap: false
15:38:30.168 [FXGL Background Thread 3 ] DEBUG Engine               - isFileSystemWriteAllowed: true
15:38:30.168 [FXGL Background Thread 3 ] DEBUG Engine               - isFullScreenAllowed: false
15:38:30.168 [FXGL Background Thread 3 ] DEBUG Engine               - isFullScreenFromStart: false
15:38:30.169 [FXGL Background Thread 3 ] DEBUG Engine               - isGameMenuEnabled: true
15:38:30.169 [FXGL Background Thread 3 ] DEBUG Engine               - isIOS: false
15:38:30.170 [FXGL Background Thread 3 ] DEBUG Engine               - isIntroEnabled: false
15:38:30.170 [FXGL Background Thread 3 ] DEBUG Engine               - isLinux: false
15:38:30.171 [FXGL Background Thread 3 ] DEBUG Engine               - isMac: false
15:38:30.171 [FXGL Background Thread 3 ] DEBUG Engine               - isMainMenuEnabled: false
15:38:30.171 [FXGL Background Thread 3 ] DEBUG Engine               - isManualResizeEnabled: false
15:38:30.171 [FXGL Background Thread 3 ] DEBUG Engine               - isMobile: false
15:38:30.171 [FXGL Background Thread 3 ] DEBUG Engine               - isPreserveResizeRatio: false
15:38:30.171 [FXGL Background Thread 3 ] DEBUG Engine               - isProfilingEnabled: false
15:38:30.171 [FXGL Background Thread 3 ] DEBUG Engine               - isScaleAffectedOnResize: true
15:38:30.171 [FXGL Background Thread 3 ] DEBUG Engine               - isSingleStep: false
15:38:30.171 [FXGL Background Thread 3 ] DEBUG Engine               - isUserProfileEnabled: false
15:38:30.171 [FXGL Background Thread 3 ] DEBUG Engine               - isWindows: true
15:38:30.171 [FXGL Background Thread 3 ] DEBUG Engine               - language: ObjectProperty [value: ENGLISH]
15:38:30.172 [FXGL Background Thread 3 ] DEBUG Engine               - menuKey: ESCAPE
15:38:30.172 [FXGL Background Thread 3 ] DEBUG Engine               - notificationViewClass: class com.almasb.fxgl.notification.view.XboxNotificationView
15:38:30.172 [FXGL Background Thread 3 ] DEBUG Engine               - pixelsPerMeter: 50.0
15:38:30.172 [FXGL Background Thread 3 ] DEBUG Engine               - platform: WINDOWS
15:38:30.172 [FXGL Background Thread 3 ] DEBUG Engine               - prefHeightProperty: ReadOnlyDoubleProperty [value: 600.0]
15:38:30.173 [FXGL Background Thread 3 ] DEBUG Engine               - prefWidthProperty: ReadOnlyDoubleProperty [value: 800.0]
15:38:30.173 [FXGL Background Thread 3 ] DEBUG Engine               - profileDir: profiles/
15:38:30.173 [FXGL Background Thread 3 ] DEBUG Engine               - profileName: StringProperty [value: DEFAULT]
15:38:30.173 [FXGL Background Thread 3 ] DEBUG Engine               - randomSeed: -1
15:38:30.173 [FXGL Background Thread 3 ] DEBUG Engine               - runtimeInfo: RuntimeInfo(platform=WINDOWS, version=11.12, build=11.12.2020 08.51)
15:38:30.173 [FXGL Background Thread 3 ] DEBUG Engine               - saveFileExt: sav
15:38:30.173 [FXGL Background Thread 3 ] DEBUG Engine               - scaledHeightProp$fxgl: DoubleProperty [bound, value: 600.0]
15:38:30.173 [FXGL Background Thread 3 ] DEBUG Engine               - scaledWidthProp$fxgl: DoubleProperty [bound, value: 800.0]
15:38:30.174 [FXGL Background Thread 3 ] DEBUG Engine               - sceneFactory: com.almasb.fxgl.app.scene.SceneFactory@e6b6369
15:38:30.174 [FXGL Background Thread 3 ] DEBUG Engine               - secondsIn24h: 60
15:38:30.174 [FXGL Background Thread 3 ] DEBUG Engine               - soundMenuBack: menu/back.wav
15:38:30.174 [FXGL Background Thread 3 ] DEBUG Engine               - soundMenuPress: menu/press.wav
15:38:30.174 [FXGL Background Thread 3 ] DEBUG Engine               - soundMenuSelect: menu/select.wav
15:38:30.174 [FXGL Background Thread 3 ] DEBUG Engine               - soundNotification: core/notification.wav
15:38:30.174 [FXGL Background Thread 3 ] DEBUG Engine               - stageStyle: DECORATED
15:38:30.174 [FXGL Background Thread 3 ] DEBUG Engine               - supportedLanguages: [ENGLISH, FRENCH, GERMAN, HUNGARIAN, RUSSIAN]
15:38:30.174 [FXGL Background Thread 3 ] DEBUG Engine               - title: Untitled
15:38:30.174 [FXGL Background Thread 3 ] DEBUG Engine               - urlGithub: https://github.com/AlmasB/FXGL
15:38:30.174 [FXGL Background Thread 3 ] DEBUG Engine               - urlLeaderboard: http://fxgl-top.herokuapp.com/
15:38:30.174 [FXGL Background Thread 3 ] DEBUG Engine               - urlPOM: https://raw.githubusercontent.com/AlmasB/FXGL/master/README.md
15:38:30.174 [FXGL Background Thread 3 ] DEBUG Engine               - version: 0.0
15:38:30.175 [FXGL Background Thread 3 ] DEBUG Engine               - versionCheckDays: 7
15:38:30.175 [FXGL Background Thread 3 ] DEBUG Engine               - width: 800
15:38:30.175 [FXGL Background Thread 3 ] DEBUG Engine               - Logging services
15:38:30.175 [FXGL Background Thread 3 ] DEBUG Engine               - class com.almasb.fxgl.app.FXGLApplication$GameApplicationService
15:38:30.175 [FXGL Background Thread 3 ] DEBUG Engine               - class com.almasb.fxgl.app.services.FXGLDialogService
15:38:30.175 [FXGL Background Thread 3 ] DEBUG Engine               - class com.almasb.fxgl.app.services.IOTaskExecutorService
15:38:30.175 [FXGL Background Thread 3 ] DEBUG Engine               - class com.almasb.fxgl.event.EventBusService
15:38:30.175 [FXGL Background Thread 3 ] DEBUG Engine               - class com.almasb.fxgl.io.FileSystemService
15:38:30.175 [FXGL Background Thread 3 ] DEBUG Engine               - class com.almasb.fxgl.localization.LocalizationService
15:38:30.175 [FXGL Background Thread 3 ] DEBUG Engine               - class com.almasb.fxgl.app.services.FXGLAssetLoaderService
15:38:30.176 [FXGL Background Thread 3 ] DEBUG Engine               - class com.almasb.fxgl.app.services.SystemBundleService
15:38:30.176 [FXGL Background Thread 3 ] DEBUG Engine               - class com.almasb.fxgl.profile.SaveLoadService
15:38:30.176 [FXGL Background Thread 3 ] DEBUG Engine               - class com.almasb.fxgl.ui.FXGLUIFactoryServiceProvider
15:38:30.176 [FXGL Background Thread 3 ] DEBUG Engine               - class com.almasb.fxgl.ui.FXGLDialogFactoryServiceProvider
15:38:30.176 [FXGL Background Thread 3 ] DEBUG Engine               - class com.almasb.fxgl.audio.AudioPlayer
15:38:30.176 [FXGL Background Thread 3 ] DEBUG Engine               - class com.almasb.fxgl.notification.impl.NotificationServiceProvider
15:38:30.176 [FXGL Background Thread 3 ] DEBUG Engine               - class com.almasb.fxgl.achievement.AchievementService
15:38:30.176 [FXGL Background Thread 3 ] DEBUG Engine               - class com.almasb.fxgl.cutscene.CutsceneService
15:38:30.176 [FXGL Background Thread 3 ] DEBUG Engine               - class com.almasb.fxgl.minigames.MiniGameService
15:38:30.176 [FXGL Background Thread 3 ] DEBUG Engine               - class com.almasb.fxgl.net.NetService
15:38:30.176 [FXGL Background Thread 3 ] DEBUG Engine               - class com.almasb.fxgl.app.services.UpdaterService
15:38:30.176 [FXGL Background Thread 3 ] DEBUG Engine               - class com.almasb.fxgl.dev.DevService
15:38:31.483 [JavaFX Application Thread] DEBUG Menu                 - createContentGameplay()
15:38:32.065 [JavaFX Application Thread] DEBUG Menu                 - createContentControls()
15:38:33.032 [JavaFX Application Thread] DEBUG Menu                 - createContentVideo()
15:38:33.850 [JavaFX Application Thread] DEBUG Menu                 - createContentAudio()
15:38:38.551 [JavaFX Application Thread] DEBUG MainWindow           - Push state: DialogSubScene
15:38:38.552 [JavaFX Application Thread] DEBUG Input                - Clearing active input actions
15:38:38.552 [JavaFX Application Thread] DEBUG GameApplicationServi - Removing overlay from FXGLDefaultMenu and adding to DialogSubScene
15:38:38.552 [JavaFX Application Thread] DEBUG MainWindow           - FXGLDefaultMenu -> DialogSubScene
15:38:39.791 [JavaFX Application Thread] DEBUG MainWindow           - Pop state: DialogSubScene
15:38:39.791 [JavaFX Application Thread] DEBUG Input                - Clearing active input actions
15:38:39.791 [JavaFX Application Thread] DEBUG GameApplicationServi - Removing overlay from DialogSubScene and adding to FXGLDefaultMenu
15:38:39.792 [JavaFX Application Thread] DEBUG MainWindow           - FXGLDefaultMenu <- DialogSubScene
15:38:46.879 [JavaFX Application Thread] DEBUG Menu                 - fireResume()
15:38:46.880 [JavaFX Application Thread] DEBUG MainWindow           - Pop state: FXGLDefaultMenu
15:38:46.880 [JavaFX Application Thread] DEBUG Input                - Clearing active input actions
15:38:46.880 [JavaFX Application Thread] DEBUG GameApplicationServi - Removing overlay from FXGLDefaultMenu and adding to GameScene
15:38:46.881 [JavaFX Application Thread] DEBUG MainWindow           - GameScene <- FXGLDefaultMenu
15:38:48.184 [JavaFX Application Thread] DEBUG MainWindow           - Push state: FXGLDefaultMenu
15:38:48.185 [JavaFX Application Thread] DEBUG Input                - Clearing active input actions
15:38:48.186 [JavaFX Application Thread] DEBUG GameApplicationServi - Removing overlay from GameScene and adding to FXGLDefaultMenu
15:38:48.186 [JavaFX Application Thread] DEBUG MainWindow           - GameScene -> FXGLDefaultMenu
15:38:49.085 [JavaFX Application Thread] DEBUG MainWindow           - Pop state: FXGLDefaultMenu
15:38:49.085 [JavaFX Application Thread] DEBUG Input                - Clearing active input actions
15:38:49.085 [JavaFX Application Thread] DEBUG GameApplicationServi - Removing overlay from FXGLDefaultMenu and adding to GameScene
15:38:49.085 [JavaFX Application Thread] DEBUG MainWindow           - GameScene <- FXGLDefaultMenu
15:38:49.474 [JavaFX Application Thread] DEBUG MainWindow           - Push state: FXGLDefaultMenu
15:38:49.474 [JavaFX Application Thread] DEBUG Input                - Clearing active input actions
15:38:49.475 [JavaFX Application Thread] DEBUG GameApplicationServi - Removing overlay from GameScene and adding to FXGLDefaultMenu
15:38:49.475 [JavaFX Application Thread] DEBUG MainWindow           - GameScene -> FXGLDefaultMenu
15:38:54.088 [JavaFX Application Thread] DEBUG MainWindow           - Pop state: FXGLDefaultMenu
15:38:54.088 [JavaFX Application Thread] DEBUG Input                - Clearing active input actions
15:38:54.088 [JavaFX Application Thread] DEBUG GameApplicationServi - Removing overlay from FXGLDefaultMenu and adding to GameScene
15:38:54.089 [JavaFX Application Thread] DEBUG MainWindow           - GameScene <- FXGLDefaultMenu
15:38:54.631 [JavaFX Application Thread] DEBUG MainWindow           - Push state: FXGLDefaultMenu
15:38:54.631 [JavaFX Application Thread] DEBUG Input                - Clearing active input actions
15:38:54.631 [JavaFX Application Thread] DEBUG GameApplicationServi - Removing overlay from GameScene and adding to FXGLDefaultMenu
15:38:54.632 [JavaFX Application Thread] DEBUG MainWindow           - GameScene -> FXGLDefaultMenu
15:38:55.979 [JavaFX Application Thread] DEBUG MainWindow           - Pop state: FXGLDefaultMenu
15:38:55.979 [JavaFX Application Thread] DEBUG Input                - Clearing active input actions
15:38:55.980 [JavaFX Application Thread] DEBUG GameApplicationServi - Removing overlay from FXGLDefaultMenu and adding to GameScene
15:38:55.981 [JavaFX Application Thread] DEBUG MainWindow           - GameScene <- FXGLDefaultMenu
15:38:56.428 [JavaFX Application Thread] DEBUG MainWindow           - Push state: FXGLDefaultMenu
15:38:56.428 [JavaFX Application Thread] DEBUG Input                - Clearing active input actions
15:38:56.429 [JavaFX Application Thread] DEBUG GameApplicationServi - Removing overlay from GameScene and adding to FXGLDefaultMenu
15:38:56.429 [JavaFX Application Thread] DEBUG MainWindow           - GameScene -> FXGLDefaultMenu
15:38:58.561 [JavaFX Application Thread] DEBUG MainWindow           - Pop state: FXGLDefaultMenu
15:38:58.562 [JavaFX Application Thread] DEBUG Input                - Clearing active input actions
15:38:58.563 [JavaFX Application Thread] DEBUG GameApplicationServi - Removing overlay from FXGLDefaultMenu and adding to GameScene
15:38:58.563 [JavaFX Application Thread] DEBUG MainWindow           - GameScene <- FXGLDefaultMenu
15:38:59.097 [JavaFX Application Thread] DEBUG MainWindow           - Push state: FXGLDefaultMenu
15:38:59.097 [JavaFX Application Thread] DEBUG Input                - Clearing active input actions
15:38:59.097 [JavaFX Application Thread] DEBUG GameApplicationServi - Removing overlay from GameScene and adding to FXGLDefaultMenu
15:38:59.098 [JavaFX Application Thread] DEBUG MainWindow           - GameScene -> FXGLDefaultMenu
15:38:59.548 [JavaFX Application Thread] DEBUG MainWindow           - Pop state: FXGLDefaultMenu
15:38:59.548 [JavaFX Application Thread] DEBUG Input                - Clearing active input actions
15:38:59.549 [JavaFX Application Thread] DEBUG GameApplicationServi - Removing overlay from FXGLDefaultMenu and adding to GameScene
15:38:59.549 [JavaFX Application Thread] DEBUG MainWindow           - GameScene <- FXGLDefaultMenu
15:38:59.870 [JavaFX Application Thread] DEBUG MainWindow           - Push state: FXGLDefaultMenu
15:38:59.870 [JavaFX Application Thread] DEBUG Input                - Clearing active input actions
15:38:59.871 [JavaFX Application Thread] DEBUG GameApplicationServi - Removing overlay from GameScene and adding to FXGLDefaultMenu
15:38:59.871 [JavaFX Application Thread] DEBUG MainWindow           - GameScene -> FXGLDefaultMenu
15:39:00.215 [JavaFX Application Thread] DEBUG MainWindow           - Pop state: FXGLDefaultMenu
15:39:00.216 [JavaFX Application Thread] DEBUG Input                - Clearing active input actions
15:39:00.216 [JavaFX Application Thread] DEBUG GameApplicationServi - Removing overlay from FXGLDefaultMenu and adding to GameScene
15:39:00.216 [JavaFX Application Thread] DEBUG MainWindow           - GameScene <- FXGLDefaultMenu
15:39:00.521 [JavaFX Application Thread] DEBUG MainWindow           - Push state: FXGLDefaultMenu
15:39:00.521 [JavaFX Application Thread] DEBUG Input                - Clearing active input actions
15:39:00.522 [JavaFX Application Thread] DEBUG GameApplicationServi - Removing overlay from GameScene and adding to FXGLDefaultMenu
15:39:00.522 [JavaFX Application Thread] DEBUG MainWindow           - GameScene -> FXGLDefaultMenu
15:39:00.830 [JavaFX Application Thread] DEBUG MainWindow           - Pop state: FXGLDefaultMenu
15:39:00.830 [JavaFX Application Thread] DEBUG Input                - Clearing active input actions
15:39:00.831 [JavaFX Application Thread] DEBUG GameApplicationServi - Removing overlay from FXGLDefaultMenu and adding to GameScene
15:39:00.831 [JavaFX Application Thread] DEBUG MainWindow           - GameScene <- FXGLDefaultMenu
15:39:01.136 [JavaFX Application Thread] DEBUG MainWindow           - Push state: FXGLDefaultMenu
15:39:01.136 [JavaFX Application Thread] DEBUG Input                - Clearing active input actions
15:39:01.137 [JavaFX Application Thread] DEBUG GameApplicationServi - Removing overlay from GameScene and adding to FXGLDefaultMenu
15:39:01.137 [JavaFX Application Thread] DEBUG MainWindow           - GameScene -> FXGLDefaultMenu
15:39:01.979 [JavaFX Application Thread] DEBUG MainWindow           - Pop state: FXGLDefaultMenu
15:39:01.979 [JavaFX Application Thread] DEBUG Input                - Clearing active input actions
15:39:01.980 [JavaFX Application Thread] DEBUG GameApplicationServi - Removing overlay from FXGLDefaultMenu and adding to GameScene
15:39:01.981 [JavaFX Application Thread] DEBUG MainWindow           - GameScene <- FXGLDefaultMenu
15:39:02.766 [JavaFX Application Thread] DEBUG FXGLApplication      - Exiting FXGL
15:39:02.766 [JavaFX Application Thread] DEBUG LoopRunner           - Stopping loop
15:39:02.766 [JavaFX Application Thread] DEBUG SystemBundleService  - Saving FXGL system data
15:39:02.768 [JavaFX Application Thread] DEBUG FileSystemAccess     - Writing to: C:\Projects\GitHub\LabelAim\system\fxgl.bundle
15:39:02.773 [JavaFX Application Thread] DEBUG Async                - Shutting down background threads
15:39:02.773 [JavaFX Application Thread] DEBUG MainWindow           - Closing main window
15:39:02.782 [JavaFX Application Thread] DEBUG Logger               - Closing Logger
